OS................... Linux
Number of CPUs....... 4
bash................. 5.1.4(1)-release
perl................. This is perl 5, version 32, subversion 1 (v5.32.1) built for x86_64-linux-gnu-thread-multi
flash................ FLASH v1.2.11
fastx_clipper........ Part of FASTX Toolkit 0.0.14 by A. Gordon (assafgordon@gmail.com)
fastx_collapser...... Part of FASTX Toolkit 0.0.14 by A. Gordon (assafgordon@gmail.com)
fastx_trimmer........ Part of FASTX Toolkit 0.0.14 by A. Gordon (assafgordon@gmail.com)
fastx_quality_stats.. Part of FASTX Toolkit 0.0.14 by A. Gordon (assafgordon@gmail.com)
fastq_to_fasta....... Part of FASTX Toolkit 0.0.14 by A. Gordon (assafgordon@gmail.com)
igblastn.............  Package: igblast 1.18.0, build Dec 11 2021 03:05:02
Rscript.............. R version 4.1.0 (2021-05-18) -- "Camp Pontanezen"
cutadapt............. 3.5
blastn...............  Package: blast 2.11.0, build Oct  6 2020 03:24:05
Checking input ...
Working on: Mm-BALB-p6wk3-spleen-UMI5RACENEB-variableNano-vv874pool876-IgG ...
subjectID: BALB+p6wk3
species: Mm
chain: IgG
primer: vv874pool876
libraryMethod: UMI5RACENEB
libraryType: variableNano
Setup: Using adapter5UMIasym.conf and adapter3UMIasym.conf as adapters.
Generating stats for Mm-BALB-Agpos-M1-p6wk-spleen-UMI5RACENEB-variableNano-vv874pool876-IgG_S7_L001_R1_001.fastq.gz
Loading required package: Rcpp
Warning message:
`guides(<scale> = FALSE)` is deprecated. Please use `guides(<scale> = "none")` instead. 
null device 
          1 
Generating stats for Mm-BALB-Agpos-M1-p6wk-spleen-UMI5RACENEB-variableNano-vv874pool876-IgG_S7_L001_R2_001.fastq.gz
Loading required package: Rcpp
Warning message:
`guides(<scale> = FALSE)` is deprecated. Please use `guides(<scale> = "none")` instead. 
null device 
          1 
[FLASH] Starting FLASH v1.2.11
[FLASH] Fast Length Adjustment of SHort reads
[FLASH]  
[FLASH] Input files:
[FLASH]     /mnt/20200826/Mm-BALB-p6wk3-spleen-UMI5RACENEB-variableNano-vv874pool876-IgG/input/Mm-BALB-Agpos-M1-p6wk-spleen-UMI5RACENEB-variableNano-vv874pool876-IgG_S7_L001_R1_001.fastq.gz
[FLASH]     /mnt/20200826/Mm-BALB-p6wk3-spleen-UMI5RACENEB-variableNano-vv874pool876-IgG/input/Mm-BALB-Agpos-M1-p6wk-spleen-UMI5RACENEB-variableNano-vv874pool876-IgG_S7_L001_R2_001.fastq.gz
[FLASH]  
[FLASH] Output files:
[FLASH]     ./out1.extendedFrags.fastq.gz
[FLASH]     ./out1.notCombined_1.fastq.gz
[FLASH]     ./out1.notCombined_2.fastq.gz
[FLASH]     ./out1.hist
[FLASH]     ./out1.histogram
[FLASH]  
[FLASH] Parameters:
[FLASH]     Min overlap:           20
[FLASH]     Max overlap:           200
[FLASH]     Max mismatch density:  0.450000
[FLASH]     Allow "outie" pairs:   false
[FLASH]     Cap mismatch quals:    false
[FLASH]     Combiner threads:      4
[FLASH]     Input format:          FASTQ, phred_offset=33
[FLASH]     Output format:         FASTQ, phred_offset=33, gzip
[FLASH]  
[FLASH] Starting reader and writer threads
[FLASH] Starting 4 combiner threads
[FLASH] Processed 25000 read pairs
[FLASH] Processed 50000 read pairs
[FLASH] Processed 75000 read pairs
[FLASH] Processed 100000 read pairs
[FLASH] Processed 102805 read pairs
[FLASH]  
[FLASH] Read combination statistics:
[FLASH]     Total pairs:      102805
[FLASH]     Combined pairs:   2862
[FLASH]     Uncombined pairs: 99943
[FLASH]     Percent combined: 2.78%
[FLASH]  
[FLASH] Writing histogram files.
[FLASH]  
[FLASH] FLASH v1.2.11 complete!
[FLASH] 3.610 seconds elapsed
Generating a stitched FASTQ from the paired reads.
#####################
Running cutadapt for 5' end...
NEB-adaptored 5'RACE library with UMI's ...
This is cutadapt 3.5 with Python 3.9.10
Command line parameters: -O 20 -e 0.1 -g file:../scripts/adapter5.fasta -y ;{name} -m 200 -M 800 --trim-n -o Mm-BALB-p6wk3-spleen-UMI5RACENEB-variableNano-vv874pool876-IgG.trim1.fastq.gz /mnt/20200826/Mm-BALB-p6wk3-spleen-UMI5RACENEB-variableNano-vv874pool876-IgG/01_flash_out/out.extendedFrags.fastq.gz
Processing reads on 1 core in single-end mode ...
Finished in 4.02 s (39 µs/read; 1.53 M reads/minute).

=== Summary ===

Total reads processed:                 102,805
Reads with adapters:                   100,496 (97.8%)

== Read fate breakdown ==
Reads that were too short:                  26 (0.0%)
Reads that were too long:                    0 (0.0%)
Reads written (passing filters):       102,779 (100.0%)

Total basepairs processed:    33,411,625 bp
Total written (filtered):     30,847,210 bp (92.3%)

=== Adapter UMI5RACE_adapter ===

Sequence: AAGCAGTGGTATCAACGCAGAG; Type: regular 5'; Length: 22; Trimmed: 52850 times

Minimum overlap: 20
No. of allowed errors:
1-9 bp: 0; 10-19 bp: 1; 20-22 bp: 2

Overview of removed sequences
length	count	expect	max.err	error counts
20	8	0.0	2	7 1
21	30	0.0	2	27 3
22	4071	0.0	2	3902 154 15
23	38	0.0	2	32 6
24	21	0.0	2	16 1 4
25	22	0.0	2	21 1
26	42	0.0	2	42
27	72	0.0	2	66 6
28	36	0.0	2	35 1
29	103	0.0	2	99 2 2
30	87	0.0	2	76 9 2
31	148	0.0	2	139 9
32	79	0.0	2	70 9
33	206	0.0	2	183 20 3
34	660	0.0	2	484 165 11
35	47068	0.0	2	44962 1949 157
36	79	0.0	2	40 32 7
37	46	0.0	2	0 0 46
38	3	0.0	2	3
51	1	0.0	2	0 1
69	2	0.0	2	2
80	1	0.0	2	1
81	3	0.0	2	3
82	13	0.0	2	10 3
83	1	0.0	2	1
84	1	0.0	2	0 0 1
87	2	0.0	2	2
214	1	0.0	2	1
293	2	0.0	2	2
308	2	0.0	2	0 0 2
309	2	0.0	2	2


=== Adapter vv874pool876_adapter ===

Sequence: GGGCCAGTGGATAGAC; Type: regular 5'; Length: 16; Trimmed: 46082 times

Minimum overlap: 16
No. of allowed errors:
1-9 bp: 0; 10-16 bp: 1

Overview of removed sequences
length	count	expect	max.err	error counts
15	3	0.0	1	0 3
16	46031	0.0	1	45314 717
17	26	0.0	1	21 5
19	1	0.0	1	1
69	2	0.0	1	2
191	3	0.0	1	3
192	2	0.0	1	2
201	2	0.0	1	2
205	2	0.0	1	2
212	1	0.0	1	1
220	2	0.0	1	2
239	2	0.0	1	2
252	3	0.0	1	3
258	2	0.0	1	2


=== Adapter vv874pool876_adapter ===

Sequence: GGGACCAAGGGATAGAC; Type: regular 5'; Length: 17; Trimmed: 1564 times

Minimum overlap: 17
No. of allowed errors:
1-9 bp: 0; 10-17 bp: 1

Overview of removed sequences
length	count	expect	max.err	error counts
17	1562	0.0	1	1511 51
18	2	0.0	1	1 1
#####################
Running cutadapt for 3' end...
NEB-adaptored 5'RACE library with UMI's ...
This is cutadapt 3.5 with Python 3.9.10
Command line parameters: -O 20 -e 0.1 -a file:../scripts/adapter3.fasta -y ;{name} -m 200 -M 800 --trim-n -o Mm-BALB-p6wk3-spleen-UMI5RACENEB-variableNano-vv874pool876-IgG.trim2.fastq.gz Mm-BALB-p6wk3-spleen-UMI5RACENEB-variableNano-vv874pool876-IgG.trim1.fastq.gz
Processing reads on 1 core in single-end mode ...
Finished in 4.70 s (46 µs/read; 1.31 M reads/minute).

=== Summary ===

Total reads processed:                 102,779
Reads with adapters:                    95,895 (93.3%)

== Read fate breakdown ==
Reads that were too short:                 134 (0.1%)
Reads that were too long:                    0 (0.0%)
Reads written (passing filters):       102,645 (99.9%)

Total basepairs processed:    30,847,210 bp
Total written (filtered):     28,404,669 bp (92.1%)

=== Adapter UMI5RACE_revcomp_adapter ===

Sequence: CTCTGCGTTGATACCACTGCTT; Type: regular 3'; Length: 22; Trimmed: 47722 times

Minimum overlap: 20
No. of allowed errors:
1-9 bp: 0; 10-19 bp: 1; 20-22 bp: 2

Bases preceding removed adapters:
  A: 29.6%
  C: 20.1%
  G: 16.1%
  T: 34.2%
  none/other: 0.0%

Overview of removed sequences
length	count	expect	max.err	error counts
19	2	0.0	1	0 2
20	10	0.0	2	10
21	43	0.0	2	33 8 2
22	3575	0.0	2	3055 366 154
23	19	0.0	2	15 4
24	7	0.0	2	7
25	20	0.0	2	12 7 1
26	56	0.0	2	50 4 2
27	91	0.0	2	74 11 6
28	45	0.0	2	38 4 3
29	50	0.0	2	40 6 4
30	74	0.0	2	65 6 3
31	148	0.0	2	121 23 4
32	82	0.0	2	69 7 6
33	185	0.0	2	136 27 22
34	642	0.0	2	435 157 50
35	42151	0.0	2	37773 3166 1212
36	72	0.0	2	37 29 6
37	3	0.0	2	3
44	2	0.0	2	0 0 2
48	1	0.0	2	1
61	3	0.0	2	3
64	4	0.0	2	4
68	3	0.0	2	3
69	34	0.0	2	24 8 2
70	6	0.0	2	6
74	2	0.0	2	1 1
77	1	0.0	2	1
78	3	0.0	2	3
79	2	0.0	2	2
80	1	0.0	2	1
81	21	0.0	2	17 3 1
82	222	0.0	2	172 45 5
83	17	0.0	2	17
84	3	0.0	2	3
88	1	0.0	2	1
89	1	0.0	2	1
101	1	0.0	2	1
105	7	0.0	2	7
116	4	0.0	2	4
117	1	0.0	2	1
122	3	0.0	2	3
125	3	0.0	2	3
129	20	0.0	2	19 1
130	2	0.0	2	2
202	2	0.0	2	2
204	3	0.0	2	3
208	3	0.0	2	3
220	1	0.0	2	1
221	2	0.0	2	2
222	1	0.0	2	1
226	3	0.0	2	3
227	7	0.0	2	7
230	1	0.0	2	1
239	1	0.0	2	1
242	4	0.0	2	4
244	4	0.0	2	4
247	3	0.0	2	3
250	1	0.0	2	1
254	3	0.0	2	3
256	1	0.0	2	1
258	1	0.0	2	1
263	1	0.0	2	1
264	1	0.0	2	1
269	3	0.0	2	3
274	3	0.0	2	3
277	3	0.0	2	3
292	1	0.0	2	1
293	12	0.0	2	12
294	1	0.0	2	1
296	1	0.0	2	1
298	1	0.0	2	1
308	5	0.0	2	5
309	4	0.0	2	4
310	1	0.0	2	1
312	1	0.0	2	0 1


=== Adapter vv874pool876_revcomp_adapter ===

Sequence: GTCTATCCACTGGCCC; Type: regular 3'; Length: 16; Trimmed: 46657 times

Minimum overlap: 16
No. of allowed errors:
1-9 bp: 0; 10-16 bp: 1

Bases preceding removed adapters:
  A: 4.6%
  C: 0.1%
  G: 18.3%
  T: 77.0%
  none/other: 0.0%

Overview of removed sequences
length	count	expect	max.err	error counts
15	136	0.0	1	0 136
16	46451	0.0	1	42199 4252
17	43	0.0	1	38 5
32	4	0.0	1	4
68	1	0.0	1	0 1
190	1	0.0	1	0 1
197	2	0.0	1	2
200	2	0.0	1	2
201	1	0.0	1	1
212	2	0.0	1	2
217	3	0.0	1	3
231	1	0.0	1	1
239	4	0.0	1	4
258	6	0.0	1	6


=== Adapter vv874pool876_revcomp_adapter ===

Sequence: GTCTATCCCTTGGTCCC; Type: regular 3'; Length: 17; Trimmed: 1516 times

Minimum overlap: 17
No. of allowed errors:
1-9 bp: 0; 10-17 bp: 1

Bases preceding removed adapters:
  A: 0.0%
  C: 0.9%
  G: 0.2%
  T: 98.9%
  none/other: 0.0%
WARNING:
    The adapter is preceded by 'T' extremely often.
    The provided adapter sequence could be incomplete at its 5' end.
    Ignore this warning when trimming primers.

Overview of removed sequences
length	count	expect	max.err	error counts
16	7	0.0	1	0 7
17	1506	0.0	1	1381 125
18	3	0.0	1	3


WARNING:
    One or more of your adapter sequences may be incomplete.
    Please see the detailed output above.
#####################
Performing dataset collapsing steps ...
Working with a UMI5RACENEB variableNano library adaptored with the NEB kit ...
Fixing orientation of the reverse reads in the symmetrically adaptored dataset...
Forward primer name: "UMI5RACE"; reverse primer name: "vv874pool876"
Input: 102645 reads.
Output: 102645 reads.
Dropping the amplicons with unknown orientation...
Uknown orientations (primer recognition problems) encountered: 8222 times
Ordering reads using UMI barcodes from FLASH-extended data...
Releasing the 3' sequence from the stitched reads...
This is cutadapt 3.5 with Python 3.9.10
Command line parameters: -O 25 -e 0 -N -g NNNNNNANNNCNNNGNNNTNNNNNN Mm-BALB-p6wk3-spleen-UMI5RACENEB-variableNano-vv874pool876-IgG.trimmed.orient.bc_annot.fasta -o Mm-BALB-p6wk3-spleen-UMI5RACENEB-variableNano-vv874pool876-IgG.trimmed.orient.bc_annot.3prime.fasta
Processing reads on 1 core in single-end mode ...
Finished in 5.07 s (54 µs/read; 1.12 M reads/minute).

=== Summary ===

Total reads processed:                  94,423
Reads with adapters:                    94,423 (100.0%)
Reads written (passing filters):        94,423 (100.0%)

Total basepairs processed:    23,560,739 bp
Total written (filtered):     12,649,498 bp (53.7%)

=== Adapter 1 ===

Sequence: NNNNNNANNNCNNNGNNNTNNNNNN; Type: regular 5'; Length: 25; Trimmed: 94423 times

Minimum overlap: 25
No. of allowed errors:
1-25 bp: 0

Overview of removed sequences
length	count	expect	max.err	error counts
43	7	0.0	0	7
61	1	0.0	0	1
62	2	0.0	0	2
64	1	0.0	0	1
65	5	0.0	0	5
66	74	0.0	0	74
67	90	0.0	0	90
68	56	0.0	0	56
70	4	0.0	0	4
72	2	0.0	0	2
73	1	0.0	0	1
76	1	0.0	0	1
77	1	0.0	0	1
79	9	0.0	0	9
80	7	0.0	0	7
81	3	0.0	0	3
84	4	0.0	0	4
88	2	0.0	0	2
92	7	0.0	0	7
93	4	0.0	0	4
94	4	0.0	0	4
105	1	0.0	0	1
106	10	0.0	0	10
111	207	0.0	0	207
112	602	0.0	0	602
113	20426	0.0	0	20426
114	53257	0.0	0	53257
115	8344	0.0	0	8344
116	440	0.0	0	440
117	224	0.0	0	224
118	209	0.0	0	209
119	145	0.0	0	145
120	120	0.0	0	120
121	106	0.0	0	106
122	118	0.0	0	118
123	71	0.0	0	71
124	58	0.0	0	58
125	76	0.0	0	76
126	1824	0.0	0	1824
127	4246	0.0	0	4246
128	721	0.0	0	721
129	20	0.0	0	20
130	13	0.0	0	13
138	2	0.0	0	2
139	4	0.0	0	4
140	2590	0.0	0	2590
141	46	0.0	0	46
142	4	0.0	0	4
143	6	0.0	0	6
144	5	0.0	0	5
146	4	0.0	0	4
147	1	0.0	0	1
148	4	0.0	0	4
149	1	0.0	0	1
150	2	0.0	0	2
151	1	0.0	0	1
153	229	0.0	0	229
154	1	0.0	0	1
Determine the consensus sequence...
Input: 6051 reads.
Output: 6051 reads.
Consensus building collapsed the set to 6051 sequences.
Unrecognized barcodes found in 2927 sequences.
Setup: Murine dataset Mm-BALB-p6wk3-spleen-UMI5RACENEB-variableNano-vv874pool876-IgG.
#####################
Running igblastn ...
IgBLAST options: Mm sequences ... Using mouse database.
Sample commandline: 
### igblastn -organism mouse
###          -germline_db_V /programs/deployment/imports/igblast_data/database/mouse_gl_V
###          -germline_db_D /programs/deployment/imports/igblast_data/database/mouse_gl_D
###          -germline_db_J /programs/deployment/imports/igblast_data/database/mouse_gl_J
###          -auxiliary_data /programs/deployment/imports/igblast_data/optional_file/mouse_gl.aux
###          -show_translation
###          -query input.fasta
###          -num_threads 4
###          -out Mm-BALB-p6wk3-spleen-UMI5RACENEB-variableNano-vv874pool876-IgG.igblast_out
Splitting the input file into 100,000-sequence blocks.
creating file 'input_fasta_split.aa'
[05:09:22]...Completed IgBLAST annotation of input_fasta_split.aa
The igblast step took 70 seconds to complete.
##############################
Processing igblastn output...
[05:09:29]...Completed transferring annotations from Mm-BALB-p6wk3-spleen-UMI5RACENEB-variableNano-vv874pool876-IgG.aa.igblast_out
Sorting out the productively-rearranged sequences for a variableNano dataset (expecting truncations) ...
Removing the invalid (or unrecognized) sequences...
Generating a clonotype dictionary...
Annotating the productively-rearranged sequences with predicted clonotype information...
Counting sequences...
input.fasta:6051
Mm-BALB-p6wk3-spleen-UMI5RACENEB-variableNano-vv874pool876-IgG.igblast.fasta:6051
Mm-BALB-p6wk3-spleen-UMI5RACENEB-variableNano-vv874pool876-IgG.igblast.prod.fasta:4283
Mm-BALB-p6wk3-spleen-UMI5RACENEB-variableNano-vv874pool876-IgG.igblast.prod.scrub.clon.fasta:4004
Mm-BALB-p6wk3-spleen-UMI5RACENEB-variableNano-vv874pool876-IgG.igblast.prod.scrub.fasta:4004
There were 1949 clonotypes detected.
These collapsed down to 1876 rearrangements.
Chimera tagged:  18
Unrecognized CDR3's in the productively-rearranged set:  279
########################################
Post-processing (visualization, etc.) ...
Summarizing run dataset retention into a graph ...
here() starts at /mnt/20200826/Mm-BALB-p6wk3-spleen-UMI5RACENEB-variableNano-vv874pool876-IgG/00_output
null device 
          1 
here() starts at /mnt/20200826/Mm-BALB-p6wk3-spleen-UMI5RACENEB-variableNano-vv874pool876-IgG/00_output
null device 
          1 
Generating UMI group summary plots...
Examining IgBLAST output ...
null device 
          1 
Examining raw UMI groups ...
null device 
          1 
################################################################
Compressing the intermediate FASTQ and *.igblast_out files ...
....
run start:
Mon Feb  7 05:06:50 AM UTC 2022
done
Mon Feb  7 05:09:55 AM UTC 2022
